{"C:\\Users\\Oreak\\Documents\\fundamentals-cohort1-submissions\\Oreak22\\Week-8\\backend\\deployhub-backend\\backend\\src\\index.ts": {"path":"C:\\Users\\Oreak\\Documents\\fundamentals-cohort1-submissions\\Oreak22\\Week-8\\backend\\deployhub-backend\\backend\\src\\index.ts","statementMap":{"0":{"start":{"line":1,"column":0},"end":{"line":1,"column":31}},"1":{"start":{"line":2,"column":0},"end":{"line":2,"column":40}},"2":{"start":{"line":3,"column":0},"end":{"line":3,"column":28}},"3":{"start":{"line":4,"column":0},"end":{"line":4,"column":16}},"4":{"start":{"line":5,"column":13},"end":{"line":5,"column":37}},"5":{"start":{"line":7,"column":0},"end":{"line":9,"column":3}},"6":{"start":{"line":8,"column":2},"end":{"line":8,"column":48}}},"fnMap":{"0":{"name":"(anonymous_1)","decl":{"start":{"line":7,"column":17},"end":{"line":7,"column":20}},"loc":{"start":{"line":7,"column":22},"end":{"line":9,"column":1}}}},"branchMap":{"0":{"loc":{"start":{"line":5,"column":13},"end":{"line":5,"column":37}},"type":"binary-expr","locations":[{"start":{"line":5,"column":13},"end":{"line":5,"column":29}},{"start":{"line":5,"column":33},"end":{"line":5,"column":37}}]}},"s":{"0":0,"1":0,"2":0,"3":0,"4":0,"5":0,"6":0},"f":{"0":0},"b":{"0":[0,0]}}
,"C:\\Users\\Oreak\\Documents\\fundamentals-cohort1-submissions\\Oreak22\\Week-8\\backend\\deployhub-backend\\backend\\src\\server.ts": {"path":"C:\\Users\\Oreak\\Documents\\fundamentals-cohort1-submissions\\Oreak22\\Week-8\\backend\\deployhub-backend\\backend\\src\\server.ts","statementMap":{"0":{"start":{"line":1,"column":0},"end":{"line":1,"column":30}},"1":{"start":{"line":2,"column":0},"end":{"line":2,"column":33}},"2":{"start":{"line":3,"column":0},"end":{"line":3,"column":28}},"3":{"start":{"line":4,"column":0},"end":{"line":4,"column":40}},"4":{"start":{"line":5,"column":0},"end":{"line":5,"column":43}},"5":{"start":{"line":6,"column":0},"end":{"line":6,"column":33}},"6":{"start":{"line":7,"column":0},"end":{"line":7,"column":24}},"7":{"start":{"line":9,"column":13},"end":{"line":9,"column":29}},"8":{"start":{"line":10,"column":0},"end":{"line":10,"column":16}},"9":{"start":{"line":11,"column":0},"end":{"line":11,"column":18}},"10":{"start":{"line":12,"column":0},"end":{"line":12,"column":24}},"11":{"start":{"line":14,"column":0},"end":{"line":18,"column":2}},"12":{"start":{"line":20,"column":0},"end":{"line":20,"column":33}},"13":{"start":{"line":22,"column":0},"end":{"line":25,"column":3}},"14":{"start":{"line":23,"column":2},"end":{"line":23,"column":55}},"15":{"start":{"line":24,"column":2},"end":{"line":24,"column":43}}},"fnMap":{"0":{"name":"(anonymous_1)","decl":{"start":{"line":22,"column":20},"end":{"line":22,"column":25}},"loc":{"start":{"line":22,"column":39},"end":{"line":25,"column":1}}}},"branchMap":{},"s":{"0":1,"1":1,"2":1,"3":1,"4":1,"5":1,"6":1,"7":1,"8":1,"9":1,"10":1,"11":1,"12":1,"13":1,"14":1,"15":1},"f":{"0":1},"b":{}}
,"C:\\Users\\Oreak\\Documents\\fundamentals-cohort1-submissions\\Oreak22\\Week-8\\backend\\deployhub-backend\\backend\\src\\metrics\\prom.ts": {"path":"C:\\Users\\Oreak\\Documents\\fundamentals-cohort1-submissions\\Oreak22\\Week-8\\backend\\deployhub-backend\\backend\\src\\metrics\\prom.ts","statementMap":{"0":{"start":{"line":1,"column":0},"end":{"line":1,"column":33}},"1":{"start":{"line":3,"column":0},"end":{"line":3,"column":31}},"2":{"start":{"line":5,"column":13},"end":{"line":8,"column":3}},"3":{"start":{"line":9,"column":13},"end":{"line":13,"column":3}},"4":{"start":{"line":14,"column":13},"end":{"line":17,"column":3}}},"fnMap":{},"branchMap":{},"s":{"0":1,"1":1,"2":1,"3":1,"4":1},"f":{},"b":{}}
,"C:\\Users\\Oreak\\Documents\\fundamentals-cohort1-submissions\\Oreak22\\Week-8\\backend\\deployhub-backend\\backend\\src\\routes\\health.ts": {"path":"C:\\Users\\Oreak\\Documents\\fundamentals-cohort1-submissions\\Oreak22\\Week-8\\backend\\deployhub-backend\\backend\\src\\routes\\health.ts","statementMap":{"0":{"start":{"line":1,"column":0},"end":{"line":1,"column":33}},"1":{"start":{"line":2,"column":0},"end":{"line":2,"column":53}},"2":{"start":{"line":4,"column":15},"end":{"line":4,"column":23}},"3":{"start":{"line":6,"column":0},"end":{"line":9,"column":3}},"4":{"start":{"line":7,"column":2},"end":{"line":7,"column":27}},"5":{"start":{"line":8,"column":2},"end":{"line":8,"column":59}},"6":{"start":{"line":11,"column":0},"end":{"line":11,"column":22}}},"fnMap":{"0":{"name":"(anonymous_0)","decl":{"start":{"line":6,"column":16},"end":{"line":6,"column":17}},"loc":{"start":{"line":6,"column":29},"end":{"line":9,"column":1}}}},"branchMap":{},"s":{"0":1,"1":1,"2":1,"3":1,"4":2,"5":2,"6":1},"f":{"0":2},"b":{}}
,"C:\\Users\\Oreak\\Documents\\fundamentals-cohort1-submissions\\Oreak22\\Week-8\\backend\\deployhub-backend\\backend\\src\\utils\\logger.ts": {"path":"C:\\Users\\Oreak\\Documents\\fundamentals-cohort1-submissions\\Oreak22\\Week-8\\backend\\deployhub-backend\\backend\\src\\utils\\logger.ts","statementMap":{"0":{"start":{"line":1,"column":0},"end":{"line":1,"column":24}},"1":{"start":{"line":3,"column":13},"end":{"line":8,"column":3}}},"fnMap":{},"branchMap":{},"s":{"0":1,"1":1},"f":{},"b":{}}
}
